{"F:\GitRepos\redux-arg\src\redux-arg\buildStoreChunk.js": {"path":"F:\\GitRepos\\redux-arg\\src\\redux-arg\\buildStoreChunk.js","statementMap":{"0":{"start":{"line":23,"column":28},"end":{"line":23,"column":39}},"1":{"start":{"line":29,"column":4},"end":{"line":29,"column":120}},"2":{"start":{"line":29,"column":20},"end":{"line":29,"column":120}},"3":{"start":{"line":30,"column":43},"end":{"line":39,"column":5}},"4":{"start":{"line":45,"column":4},"end":{"line":45,"column":112}},"5":{"start":{"line":45,"column":31},"end":{"line":45,"column":112}},"6":{"start":{"line":46,"column":4},"end":{"line":46,"column":87}},"7":{"start":{"line":53,"column":4},"end":{"line":55,"column":7}},"8":{"start":{"line":63,"column":41},"end":{"line":63,"column":52}},"9":{"start":{"line":64,"column":29},"end":{"line":64,"column":89}},"10":{"start":{"line":64,"column":56},"end":{"line":64,"column":88}},"11":{"start":{"line":70,"column":23},"end":{"line":78,"column":14}},"12":{"start":{"line":73,"column":46},"end":{"line":73,"column":80}},"13":{"start":{"line":85,"column":4},"end":{"line":99,"column":6}},"14":{"start":{"line":97,"column":77},"end":{"line":97,"column":111}}},"fnMap":{"0":{"name":"buildStoreChunk","decl":{"start":{"line":22,"column":16},"end":{"line":22,"column":31}},"loc":{"start":{"line":28,"column":27},"end":{"line":47,"column":1}}},"1":{"name":"(anonymous_1)","decl":{"start":{"line":23,"column":19},"end":{"line":23,"column":20}},"loc":{"start":{"line":23,"column":28},"end":{"line":23,"column":39}}},"2":{"name":"combineStoreChunkReducers","decl":{"start":{"line":49,"column":16},"end":{"line":49,"column":41}},"loc":{"start":{"line":49,"column":82},"end":{"line":56,"column":1}}},"3":{"name":"processStructure","decl":{"start":{"line":58,"column":16},"end":{"line":58,"column":32}},"loc":{"start":{"line":58,"column":118},"end":{"line":100,"column":1}}},"4":{"name":"(anonymous_4)","decl":{"start":{"line":64,"column":51},"end":{"line":64,"column":52}},"loc":{"start":{"line":64,"column":56},"end":{"line":64,"column":88}}},"5":{"name":"(anonymous_5)","decl":{"start":{"line":73,"column":30},"end":{"line":73,"column":31}},"loc":{"start":{"line":73,"column":46},"end":{"line":73,"column":80}}},"6":{"name":"(anonymous_6)","decl":{"start":{"line":97,"column":68},"end":{"line":97,"column":69}},"loc":{"start":{"line":97,"column":77},"end":{"line":97,"column":111}}}},"branchMap":{"0":{"loc":{"start":{"line":22,"column":62},"end":{"line":28,"column":6}},"type":"default-arg","locations":[{"start":{"line":28,"column":4},"end":{"line":28,"column":6}}]},"1":{"loc":{"start":{"line":23,"column":4},"end":{"line":23,"column":39}},"type":"default-arg","locations":[{"start":{"line":23,"column":19},"end":{"line":23,"column":39}}]},"2":{"loc":{"start":{"line":24,"column":4},"end":{"line":24,"column":23}},"type":"default-arg","locations":[{"start":{"line":24,"column":21},"end":{"line":24,"column":23}}]},"3":{"loc":{"start":{"line":29,"column":4},"end":{"line":29,"column":120}},"type":"if","locations":[{"start":{"line":29,"column":4},"end":{"line":29,"column":120}},{"start":{"line":29,"column":4},"end":{"line":29,"column":120}}]},"4":{"loc":{"start":{"line":45,"column":4},"end":{"line":45,"column":112}},"type":"if","locations":[{"start":{"line":45,"column":4},"end":{"line":45,"column":112}},{"start":{"line":45,"column":4},"end":{"line":45,"column":112}}]},"5":{"loc":{"start":{"line":70,"column":23},"end":{"line":78,"column":14}},"type":"cond-expr","locations":[{"start":{"line":71,"column":12},"end":{"line":74,"column":14}},{"start":{"line":75,"column":12},"end":{"line":78,"column":14}}]},"6":{"loc":{"start":{"line":72,"column":32},"end":{"line":72,"column":101}},"type":"cond-expr","locations":[{"start":{"line":72,"column":54},"end":{"line":72,"column":90}},{"start":{"line":72,"column":93},"end":{"line":72,"column":101}}]},"7":{"loc":{"start":{"line":97,"column":24},"end":{"line":97,"column":111}},"type":"cond-expr","locations":[{"start":{"line":97,"column":43},"end":{"line":97,"column":65}},{"start":{"line":97,"column":68},"end":{"line":97,"column":111}}]}},"s":{"0":6,"1":7,"2":1,"3":6,"4":6,"5":2,"6":4,"7":6,"8":10,"9":10,"10":2,"11":10,"12":1,"13":10,"14":6},"f":{"0":7,"1":6,"2":6,"3":10,"4":2,"5":1,"6":6},"b":{"0":[5],"1":[5],"2":[5],"3":[1,6],"4":[2,4],"5":[2,8],"6":[1,1],"7":[2,8]},"_coverageSchema":"332fd63041d2c1bcb487cc26dd0d5f7d97098a6c","hash":"946807fc8e84de6f8565992e56e857d535248c0e"}
,"F:\GitRepos\redux-arg\src\redux-arg\reducers.js": {"path":"F:\\GitRepos\\redux-arg\\src\\redux-arg\\reducers.js","statementMap":{"0":{"start":{"line":45,"column":69},"end":{"line":51,"column":1}},"1":{"start":{"line":63,"column":26},"end":{"line":63,"column":45}},"2":{"start":{"line":64,"column":21},"end":{"line":64,"column":32}},"3":{"start":{"line":66,"column":4},"end":{"line":66,"column":131}},"4":{"start":{"line":66,"column":38},"end":{"line":66,"column":131}},"5":{"start":{"line":68,"column":4},"end":{"line":73,"column":6}},"6":{"start":{"line":82,"column":4},"end":{"line":85,"column":7}},"7":{"start":{"line":94,"column":4},"end":{"line":97,"column":12}},"8":{"start":{"line":94,"column":62},"end":{"line":97,"column":5}},"9":{"start":{"line":106,"column":56},"end":{"line":106,"column":73}},"10":{"start":{"line":107,"column":20},"end":{"line":107,"column":77}},"11":{"start":{"line":109,"column":4},"end":{"line":109,"column":38}},"12":{"start":{"line":109,"column":18},"end":{"line":109,"column":38}},"13":{"start":{"line":111,"column":4},"end":{"line":114,"column":12}},"14":{"start":{"line":111,"column":61},"end":{"line":114,"column":5}},"15":{"start":{"line":117,"column":29},"end":{"line":117,"column":71}}},"fnMap":{"0":{"name":"determineReducerType","decl":{"start":{"line":53,"column":16},"end":{"line":53,"column":36}},"loc":{"start":{"line":61,"column":25},"end":{"line":74,"column":1}}},"1":{"name":"callReducer","decl":{"start":{"line":76,"column":16},"end":{"line":76,"column":27}},"loc":{"start":{"line":81,"column":25},"end":{"line":86,"column":1}}},"2":{"name":"createReducerBehaviors","decl":{"start":{"line":88,"column":16},"end":{"line":88,"column":38}},"loc":{"start":{"line":88,"column":127},"end":{"line":98,"column":1}}},"3":{"name":"(anonymous_3)","decl":{"start":{"line":94,"column":35},"end":{"line":94,"column":36}},"loc":{"start":{"line":94,"column":62},"end":{"line":97,"column":5}}},"4":{"name":"calculateDefaults","decl":{"start":{"line":100,"column":16},"end":{"line":100,"column":33}},"loc":{"start":{"line":100,"column":82},"end":{"line":115,"column":1}}},"5":{"name":"(anonymous_5)","decl":{"start":{"line":111,"column":29},"end":{"line":111,"column":30}},"loc":{"start":{"line":111,"column":61},"end":{"line":114,"column":5}}}},"branchMap":{"0":{"loc":{"start":{"line":56,"column":4},"end":{"line":56,"column":51}},"type":"default-arg","locations":[{"start":{"line":56,"column":28},"end":{"line":56,"column":51}}]},"1":{"loc":{"start":{"line":66,"column":4},"end":{"line":66,"column":131}},"type":"if","locations":[{"start":{"line":66,"column":4},"end":{"line":66,"column":131}},{"start":{"line":66,"column":4},"end":{"line":66,"column":131}}]},"2":{"loc":{"start":{"line":106,"column":18},"end":{"line":106,"column":32}},"type":"default-arg","locations":[{"start":{"line":106,"column":30},"end":{"line":106,"column":32}}]},"3":{"loc":{"start":{"line":106,"column":34},"end":{"line":106,"column":51}},"type":"default-arg","locations":[{"start":{"line":106,"column":49},"end":{"line":106,"column":51}}]},"4":{"loc":{"start":{"line":109,"column":4},"end":{"line":109,"column":38}},"type":"if","locations":[{"start":{"line":109,"column":4},"end":{"line":109,"column":38}},{"start":{"line":109,"column":4},"end":{"line":109,"column":38}}]}},"s":{"0":2,"1":14,"2":14,"3":14,"4":1,"5":13,"6":9,"7":9,"8":22,"9":12,"10":12,"11":12,"12":9,"13":3,"14":6,"15":2},"f":{"0":14,"1":9,"2":9,"3":22,"4":12,"5":6},"b":{"0":[13],"1":[1,13],"2":[9],"3":[3],"4":[9,3]},"_coverageSchema":"332fd63041d2c1bcb487cc26dd0d5f7d97098a6c","hash":"8fd7f0f0efa9f87ac0b9db82affcee078df55df7"}
,"F:\GitRepos\redux-arg\src\redux-arg\structure.js": {"path":"F:\\GitRepos\\redux-arg\\src\\redux-arg\\structure.js","statementMap":{"0":{"start":{"line":49,"column":26},"end":{"line":56,"column":1}},"1":{"start":{"line":60,"column":34},"end":{"line":89,"column":1}},"2":{"start":{"line":61,"column":43},"end":{"line":65,"column":6}},"3":{"start":{"line":61,"column":50},"end":{"line":65,"column":5}},"4":{"start":{"line":66,"column":42},"end":{"line":70,"column":6}},"5":{"start":{"line":66,"column":49},"end":{"line":70,"column":5}},"6":{"start":{"line":71,"column":48},"end":{"line":75,"column":6}},"7":{"start":{"line":71,"column":55},"end":{"line":75,"column":5}},"8":{"start":{"line":76,"column":78},"end":{"line":80,"column":6}},"9":{"start":{"line":76,"column":85},"end":{"line":80,"column":5}},"10":{"start":{"line":81,"column":44},"end":{"line":84,"column":6}},"11":{"start":{"line":81,"column":51},"end":{"line":84,"column":5}},"12":{"start":{"line":85,"column":42},"end":{"line":88,"column":6}},"13":{"start":{"line":85,"column":49},"end":{"line":88,"column":5}}},"fnMap":{"0":{"name":"(anonymous_0)","decl":{"start":{"line":61,"column":12},"end":{"line":61,"column":13}},"loc":{"start":{"line":61,"column":43},"end":{"line":65,"column":6}}},"1":{"name":"(anonymous_1)","decl":{"start":{"line":61,"column":43},"end":{"line":61,"column":44}},"loc":{"start":{"line":61,"column":50},"end":{"line":65,"column":5}}},"2":{"name":"(anonymous_2)","decl":{"start":{"line":66,"column":12},"end":{"line":66,"column":13}},"loc":{"start":{"line":66,"column":42},"end":{"line":70,"column":6}}},"3":{"name":"(anonymous_3)","decl":{"start":{"line":66,"column":42},"end":{"line":66,"column":43}},"loc":{"start":{"line":66,"column":49},"end":{"line":70,"column":5}}},"4":{"name":"(anonymous_4)","decl":{"start":{"line":71,"column":13},"end":{"line":71,"column":14}},"loc":{"start":{"line":71,"column":48},"end":{"line":75,"column":6}}},"5":{"name":"(anonymous_5)","decl":{"start":{"line":71,"column":48},"end":{"line":71,"column":49}},"loc":{"start":{"line":71,"column":55},"end":{"line":75,"column":5}}},"6":{"name":"(anonymous_6)","decl":{"start":{"line":76,"column":13},"end":{"line":76,"column":14}},"loc":{"start":{"line":76,"column":78},"end":{"line":80,"column":6}}},"7":{"name":"(anonymous_7)","decl":{"start":{"line":76,"column":78},"end":{"line":76,"column":79}},"loc":{"start":{"line":76,"column":85},"end":{"line":80,"column":5}}},"8":{"name":"(anonymous_8)","decl":{"start":{"line":81,"column":13},"end":{"line":81,"column":14}},"loc":{"start":{"line":81,"column":44},"end":{"line":84,"column":6}}},"9":{"name":"(anonymous_9)","decl":{"start":{"line":81,"column":44},"end":{"line":81,"column":45}},"loc":{"start":{"line":81,"column":51},"end":{"line":84,"column":5}}},"10":{"name":"(anonymous_10)","decl":{"start":{"line":85,"column":11},"end":{"line":85,"column":12}},"loc":{"start":{"line":85,"column":42},"end":{"line":88,"column":6}}},"11":{"name":"(anonymous_11)","decl":{"start":{"line":85,"column":42},"end":{"line":85,"column":43}},"loc":{"start":{"line":85,"column":49},"end":{"line":88,"column":5}}}},"branchMap":{"0":{"loc":{"start":{"line":61,"column":13},"end":{"line":61,"column":38}},"type":"default-arg","locations":[{"start":{"line":61,"column":36},"end":{"line":61,"column":38}}]},"1":{"loc":{"start":{"line":66,"column":13},"end":{"line":66,"column":37}},"type":"default-arg","locations":[{"start":{"line":66,"column":36},"end":{"line":66,"column":37}}]},"2":{"loc":{"start":{"line":71,"column":14},"end":{"line":71,"column":43}},"type":"default-arg","locations":[{"start":{"line":71,"column":38},"end":{"line":71,"column":43}}]},"3":{"loc":{"start":{"line":76,"column":56},"end":{"line":76,"column":73}},"type":"default-arg","locations":[{"start":{"line":76,"column":71},"end":{"line":76,"column":73}}]}},"s":{"0":4,"1":4,"2":24,"3":59,"4":16,"5":28,"6":7,"7":7,"8":11,"9":15,"10":18,"11":28,"12":14,"13":29},"f":{"0":24,"1":59,"2":16,"3":28,"4":7,"5":7,"6":11,"7":15,"8":18,"9":28,"10":14,"11":29},"b":{"0":[17],"1":[14],"2":[6],"3":[10]},"_coverageSchema":"332fd63041d2c1bcb487cc26dd0d5f7d97098a6c","hash":"d3ac28eae12016abead62c5eb021adcbc0b59845"}
,"F:\GitRepos\redux-arg\src\redux-arg\validatePayload.js": {"path":"F:\\GitRepos\\redux-arg\\src\\redux-arg\\validatePayload.js","statementMap":{"0":{"start":{"line":16,"column":4},"end":{"line":19,"column":5}},"1":{"start":{"line":17,"column":8},"end":{"line":17,"column":96}},"2":{"start":{"line":18,"column":8},"end":{"line":18,"column":18}},"3":{"start":{"line":21,"column":4},"end":{"line":43,"column":11}},"4":{"start":{"line":22,"column":26},"end":{"line":22,"column":59}},"5":{"start":{"line":25,"column":8},"end":{"line":29,"column":9}},"6":{"start":{"line":26,"column":12},"end":{"line":27,"column":99}},"7":{"start":{"line":28,"column":12},"end":{"line":28,"column":24}},"8":{"start":{"line":31,"column":31},"end":{"line":31,"column":84}},"9":{"start":{"line":32,"column":8},"end":{"line":37,"column":9}},"10":{"start":{"line":33,"column":12},"end":{"line":35,"column":32}},"11":{"start":{"line":36,"column":12},"end":{"line":36,"column":24}},"12":{"start":{"line":39,"column":8},"end":{"line":42,"column":9}},"13":{"start":{"line":48,"column":4},"end":{"line":48,"column":64}},"14":{"start":{"line":48,"column":51},"end":{"line":48,"column":64}},"15":{"start":{"line":49,"column":4},"end":{"line":49,"column":104}},"16":{"start":{"line":55,"column":4},"end":{"line":58,"column":5}},"17":{"start":{"line":56,"column":8},"end":{"line":56,"column":94}},"18":{"start":{"line":57,"column":8},"end":{"line":57,"column":18}},"19":{"start":{"line":59,"column":29},"end":{"line":59,"column":55}},"20":{"start":{"line":60,"column":24},"end":{"line":60,"column":47}},"21":{"start":{"line":61,"column":4},"end":{"line":61,"column":106}},"22":{"start":{"line":61,"column":32},"end":{"line":61,"column":89}},"23":{"start":{"line":61,"column":103},"end":{"line":61,"column":104}},"24":{"start":{"line":65,"column":29},"end":{"line":71,"column":5}},"25":{"start":{"line":72,"column":27},"end":{"line":72,"column":49}},"26":{"start":{"line":73,"column":4},"end":{"line":76,"column":5}},"27":{"start":{"line":74,"column":8},"end":{"line":75,"column":39}},"28":{"start":{"line":77,"column":4},"end":{"line":77,"column":26}}},"fnMap":{"0":{"name":"validateShape","decl":{"start":{"line":15,"column":16},"end":{"line":15,"column":29}},"loc":{"start":{"line":15,"column":74},"end":{"line":44,"column":1}}},"1":{"name":"(anonymous_1)","decl":{"start":{"line":21,"column":25},"end":{"line":21,"column":26}},"loc":{"start":{"line":21,"column":48},"end":{"line":43,"column":5}}},"2":{"name":"validatePrimitive","decl":{"start":{"line":46,"column":16},"end":{"line":46,"column":33}},"loc":{"start":{"line":46,"column":69},"end":{"line":50,"column":1}}},"3":{"name":"validateArray","decl":{"start":{"line":52,"column":16},"end":{"line":52,"column":29}},"loc":{"start":{"line":52,"column":84},"end":{"line":62,"column":1}}},"4":{"name":"(anonymous_4)","decl":{"start":{"line":61,"column":21},"end":{"line":61,"column":22}},"loc":{"start":{"line":61,"column":32},"end":{"line":61,"column":89}}},"5":{"name":"(anonymous_5)","decl":{"start":{"line":61,"column":98},"end":{"line":61,"column":99}},"loc":{"start":{"line":61,"column":103},"end":{"line":61,"column":104}}},"6":{"name":"getTypeValidation","decl":{"start":{"line":64,"column":16},"end":{"line":64,"column":33}},"loc":{"start":{"line":64,"column":68},"end":{"line":78,"column":1}}}},"branchMap":{"0":{"loc":{"start":{"line":16,"column":4},"end":{"line":19,"column":5}},"type":"if","locations":[{"start":{"line":16,"column":4},"end":{"line":19,"column":5}},{"start":{"line":16,"column":4},"end":{"line":19,"column":5}}]},"1":{"loc":{"start":{"line":25,"column":8},"end":{"line":29,"column":9}},"type":"if","locations":[{"start":{"line":25,"column":8},"end":{"line":29,"column":9}},{"start":{"line":25,"column":8},"end":{"line":29,"column":9}}]},"2":{"loc":{"start":{"line":32,"column":8},"end":{"line":37,"column":9}},"type":"if","locations":[{"start":{"line":32,"column":8},"end":{"line":37,"column":9}},{"start":{"line":32,"column":8},"end":{"line":37,"column":9}}]},"3":{"loc":{"start":{"line":48,"column":4},"end":{"line":48,"column":64}},"type":"if","locations":[{"start":{"line":48,"column":4},"end":{"line":48,"column":64}},{"start":{"line":48,"column":4},"end":{"line":48,"column":64}}]},"4":{"loc":{"start":{"line":55,"column":4},"end":{"line":58,"column":5}},"type":"if","locations":[{"start":{"line":55,"column":4},"end":{"line":58,"column":5}},{"start":{"line":55,"column":4},"end":{"line":58,"column":5}}]},"5":{"loc":{"start":{"line":73,"column":4},"end":{"line":76,"column":5}},"type":"if","locations":[{"start":{"line":73,"column":4},"end":{"line":76,"column":5}},{"start":{"line":73,"column":4},"end":{"line":76,"column":5}}]}},"s":{"0":11,"1":1,"2":1,"3":10,"4":15,"5":15,"6":1,"7":1,"8":14,"9":14,"10":1,"11":1,"12":13,"13":35,"14":31,"15":4,"16":7,"17":1,"18":1,"19":6,"20":6,"21":6,"22":14,"23":14,"24":29,"25":29,"26":29,"27":1,"28":28},"f":{"0":11,"1":15,"2":35,"3":7,"4":14,"5":14,"6":29},"b":{"0":[1,10],"1":[1,14],"2":[1,13],"3":[31,4],"4":[1,6],"5":[1,28]},"_coverageSchema":"332fd63041d2c1bcb487cc26dd0d5f7d97098a6c","hash":"df8e8c423250d2460e9a8444bc9c269743398d34"}
,"F:\GitRepos\redux-arg\src\redux-arg\reducers\arrayReducer.js": {"path":"F:\\GitRepos\\redux-arg\\src\\redux-arg\\reducers\\arrayReducer.js","statementMap":{"0":{"start":{"line":48,"column":4},"end":{"line":51,"column":5}},"1":{"start":{"line":49,"column":8},"end":{"line":49,"column":84}},"2":{"start":{"line":50,"column":8},"end":{"line":50,"column":21}},"3":{"start":{"line":52,"column":4},"end":{"line":52,"column":16}},"4":{"start":{"line":65,"column":61},"end":{"line":109,"column":1}},"5":{"start":{"line":69,"column":12},"end":{"line":69,"column":75}},"6":{"start":{"line":69,"column":62},"end":{"line":69,"column":75}},"7":{"start":{"line":70,"column":12},"end":{"line":70,"column":134}},"8":{"start":{"line":70,"column":39},"end":{"line":70,"column":134}},"9":{"start":{"line":71,"column":12},"end":{"line":71,"column":123}},"10":{"start":{"line":71,"column":55},"end":{"line":71,"column":123}},"11":{"start":{"line":72,"column":12},"end":{"line":72,"column":56}},"12":{"start":{"line":77,"column":12},"end":{"line":77,"column":55}},"13":{"start":{"line":78,"column":12},"end":{"line":78,"column":61}},"14":{"start":{"line":83,"column":12},"end":{"line":83,"column":56}},"15":{"start":{"line":84,"column":12},"end":{"line":84,"column":47}},"16":{"start":{"line":89,"column":12},"end":{"line":89,"column":57}},"17":{"start":{"line":90,"column":12},"end":{"line":90,"column":118}},"18":{"start":{"line":90,"column":39},"end":{"line":90,"column":118}},"19":{"start":{"line":91,"column":12},"end":{"line":91,"column":56}},"20":{"start":{"line":97,"column":12},"end":{"line":97,"column":101}},"21":{"start":{"line":97,"column":32},"end":{"line":97,"column":101}},"22":{"start":{"line":98,"column":12},"end":{"line":98,"column":25}},"23":{"start":{"line":101,"column":12},"end":{"line":101,"column":27}},"24":{"start":{"line":106,"column":12},"end":{"line":106,"column":32}},"25":{"start":{"line":116,"column":4},"end":{"line":121,"column":6}},"26":{"start":{"line":128,"column":25},"end":{"line":128,"column":97}},"27":{"start":{"line":131,"column":4},"end":{"line":138,"column":5}},"28":{"start":{"line":133,"column":8},"end":{"line":133,"column":43}},"29":{"start":{"line":133,"column":30},"end":{"line":133,"column":43}},"30":{"start":{"line":137,"column":8},"end":{"line":137,"column":107}},"31":{"start":{"line":150,"column":4},"end":{"line":150,"column":78}},"32":{"start":{"line":150,"column":26},"end":{"line":150,"column":78}},"33":{"start":{"line":154,"column":26},"end":{"line":154,"column":48}},"34":{"start":{"line":155,"column":4},"end":{"line":155,"column":89}},"35":{"start":{"line":155,"column":48},"end":{"line":155,"column":89}},"36":{"start":{"line":156,"column":4},"end":{"line":156,"column":49}},"37":{"start":{"line":162,"column":4},"end":{"line":169,"column":12}},"38":{"start":{"line":162,"column":62},"end":{"line":169,"column":5}},"39":{"start":{"line":164,"column":56},"end":{"line":168,"column":9}},"40":{"start":{"line":166,"column":48},"end":{"line":166,"column":53}}},"fnMap":{"0":{"name":"checkIndex","decl":{"start":{"line":47,"column":9},"end":{"line":47,"column":19}},"loc":{"start":{"line":47,"column":81},"end":{"line":53,"column":1}}},"1":{"name":"createArrayReducer","decl":{"start":{"line":112,"column":16},"end":{"line":112,"column":34}},"loc":{"start":{"line":115,"column":29},"end":{"line":122,"column":1}}},"2":{"name":"createReducer","decl":{"start":{"line":125,"column":9},"end":{"line":125,"column":22}},"loc":{"start":{"line":125,"column":113},"end":{"line":139,"column":1}}},"3":{"name":"(anonymous_3)","decl":{"start":{"line":131,"column":11},"end":{"line":131,"column":12}},"loc":{"start":{"line":131,"column":95},"end":{"line":138,"column":5}}},"4":{"name":"applyValidation","decl":{"start":{"line":142,"column":9},"end":{"line":142,"column":24}},"loc":{"start":{"line":142,"column":81},"end":{"line":157,"column":1}}},"5":{"name":"createActions","decl":{"start":{"line":160,"column":9},"end":{"line":160,"column":22}},"loc":{"start":{"line":160,"column":107},"end":{"line":170,"column":1}}},"6":{"name":"(anonymous_6)","decl":{"start":{"line":162,"column":35},"end":{"line":162,"column":36}},"loc":{"start":{"line":162,"column":62},"end":{"line":169,"column":5}}},"7":{"name":"(anonymous_7)","decl":{"start":{"line":164,"column":16},"end":{"line":164,"column":17}},"loc":{"start":{"line":164,"column":56},"end":{"line":168,"column":9}}},"8":{"name":"(anonymous_8)","decl":{"start":{"line":166,"column":42},"end":{"line":166,"column":43}},"loc":{"start":{"line":166,"column":48},"end":{"line":166,"column":53}}}},"branchMap":{"0":{"loc":{"start":{"line":48,"column":4},"end":{"line":51,"column":5}},"type":"if","locations":[{"start":{"line":48,"column":4},"end":{"line":51,"column":5}},{"start":{"line":48,"column":4},"end":{"line":51,"column":5}}]},"1":{"loc":{"start":{"line":48,"column":8},"end":{"line":48,"column":40}},"type":"binary-expr","locations":[{"start":{"line":48,"column":8},"end":{"line":48,"column":24}},{"start":{"line":48,"column":28},"end":{"line":48,"column":40}}]},"2":{"loc":{"start":{"line":68,"column":46},"end":{"line":68,"column":56}},"type":"default-arg","locations":[{"start":{"line":68,"column":54},"end":{"line":68,"column":56}}]},"3":{"loc":{"start":{"line":69,"column":12},"end":{"line":69,"column":75}},"type":"if","locations":[{"start":{"line":69,"column":12},"end":{"line":69,"column":75}},{"start":{"line":69,"column":12},"end":{"line":69,"column":75}}]},"4":{"loc":{"start":{"line":70,"column":12},"end":{"line":70,"column":134}},"type":"if","locations":[{"start":{"line":70,"column":12},"end":{"line":70,"column":134}},{"start":{"line":70,"column":12},"end":{"line":70,"column":134}}]},"5":{"loc":{"start":{"line":70,"column":46},"end":{"line":70,"column":133}},"type":"binary-expr","locations":[{"start":{"line":70,"column":46},"end":{"line":70,"column":124}},{"start":{"line":70,"column":128},"end":{"line":70,"column":133}}]},"6":{"loc":{"start":{"line":71,"column":12},"end":{"line":71,"column":123}},"type":"if","locations":[{"start":{"line":71,"column":12},"end":{"line":71,"column":123}},{"start":{"line":71,"column":12},"end":{"line":71,"column":123}}]},"7":{"loc":{"start":{"line":71,"column":16},"end":{"line":71,"column":53}},"type":"binary-expr","locations":[{"start":{"line":71,"column":16},"end":{"line":71,"column":32}},{"start":{"line":71,"column":36},"end":{"line":71,"column":53}}]},"8":{"loc":{"start":{"line":90,"column":12},"end":{"line":90,"column":118}},"type":"if","locations":[{"start":{"line":90,"column":12},"end":{"line":90,"column":118}},{"start":{"line":90,"column":12},"end":{"line":90,"column":118}}]},"9":{"loc":{"start":{"line":97,"column":12},"end":{"line":97,"column":101}},"type":"if","locations":[{"start":{"line":97,"column":12},"end":{"line":97,"column":101}},{"start":{"line":97,"column":12},"end":{"line":97,"column":101}}]},"10":{"loc":{"start":{"line":112,"column":77},"end":{"line":115,"column":27}},"type":"default-arg","locations":[{"start":{"line":115,"column":25},"end":{"line":115,"column":27}}]},"11":{"loc":{"start":{"line":131,"column":12},"end":{"line":131,"column":44}},"type":"default-arg","locations":[{"start":{"line":131,"column":32},"end":{"line":131,"column":44}}]},"12":{"loc":{"start":{"line":133,"column":8},"end":{"line":133,"column":43}},"type":"if","locations":[{"start":{"line":133,"column":8},"end":{"line":133,"column":43}},{"start":{"line":133,"column":8},"end":{"line":133,"column":43}}]},"13":{"loc":{"start":{"line":150,"column":4},"end":{"line":150,"column":78}},"type":"if","locations":[{"start":{"line":150,"column":4},"end":{"line":150,"column":78}},{"start":{"line":150,"column":4},"end":{"line":150,"column":78}}]},"14":{"loc":{"start":{"line":155,"column":4},"end":{"line":155,"column":89}},"type":"if","locations":[{"start":{"line":155,"column":4},"end":{"line":155,"column":89}},{"start":{"line":155,"column":4},"end":{"line":155,"column":89}}]},"15":{"loc":{"start":{"line":166,"column":22},"end":{"line":166,"column":54}},"type":"binary-expr","locations":[{"start":{"line":166,"column":22},"end":{"line":166,"column":37}},{"start":{"line":166,"column":42},"end":{"line":166,"column":53}}]}},"s":{"0":0,"1":0,"2":0,"3":0,"4":2,"5":0,"6":0,"7":0,"8":0,"9":0,"10":0,"11":0,"12":0,"13":0,"14":0,"15":0,"16":0,"17":0,"18":0,"19":0,"20":1,"21":0,"22":1,"23":0,"24":0,"25":1,"26":1,"27":1,"28":15,"29":15,"30":0,"31":0,"32":0,"33":0,"34":0,"35":0,"36":0,"37":1,"38":6,"39":1,"40":0},"f":{"0":0,"1":1,"2":1,"3":15,"4":0,"5":1,"6":6,"7":1,"8":0},"b":{"0":[0,0],"1":[0,0],"2":[0],"3":[0,0],"4":[0,0],"5":[0,0],"6":[0,0],"7":[0,0],"8":[0,0],"9":[0,1],"10":[0],"11":[11],"12":[15,0],"13":[0,0],"14":[0,0],"15":[1,0]},"_coverageSchema":"332fd63041d2c1bcb487cc26dd0d5f7d97098a6c","hash":"f275eeb0ef09af0272e3cc473fcf6bef40f2fa71"}
,"F:\GitRepos\redux-arg\src\redux-arg\reducers\objectReducer.js": {"path":"F:\\GitRepos\\redux-arg\\src\\redux-arg\\reducers\\objectReducer.js","statementMap":{"0":{"start":{"line":53,"column":61},"end":{"line":71,"column":1}},"1":{"start":{"line":55,"column":24},"end":{"line":55,"column":36}},"2":{"start":{"line":57,"column":12},"end":{"line":57,"column":44}},"3":{"start":{"line":62,"column":12},"end":{"line":62,"column":32}},"4":{"start":{"line":66,"column":24},"end":{"line":66,"column":36}},"5":{"start":{"line":68,"column":12},"end":{"line":68,"column":27}},"6":{"start":{"line":78,"column":4},"end":{"line":83,"column":6}},"7":{"start":{"line":88,"column":4},"end":{"line":93,"column":12}},"8":{"start":{"line":88,"column":68},"end":{"line":93,"column":5}},"9":{"start":{"line":98,"column":33},"end":{"line":98,"column":111}},"10":{"start":{"line":99,"column":4},"end":{"line":106,"column":5}},"11":{"start":{"line":101,"column":8},"end":{"line":101,"column":43}},"12":{"start":{"line":101,"column":30},"end":{"line":101,"column":43}},"13":{"start":{"line":105,"column":8},"end":{"line":105,"column":93}},"14":{"start":{"line":112,"column":4},"end":{"line":118,"column":12}},"15":{"start":{"line":112,"column":62},"end":{"line":118,"column":5}},"16":{"start":{"line":114,"column":36},"end":{"line":117,"column":9}},"17":{"start":{"line":116,"column":48},"end":{"line":116,"column":62}}},"fnMap":{"0":{"name":"createShapeReducer","decl":{"start":{"line":74,"column":16},"end":{"line":74,"column":34}},"loc":{"start":{"line":77,"column":29},"end":{"line":84,"column":1}}},"1":{"name":"calculateDefaults","decl":{"start":{"line":87,"column":9},"end":{"line":87,"column":26}},"loc":{"start":{"line":87,"column":45},"end":{"line":94,"column":1}}},"2":{"name":"(anonymous_2)","decl":{"start":{"line":88,"column":36},"end":{"line":88,"column":37}},"loc":{"start":{"line":88,"column":68},"end":{"line":93,"column":5}}},"3":{"name":"createReducer","decl":{"start":{"line":97,"column":9},"end":{"line":97,"column":22}},"loc":{"start":{"line":97,"column":103},"end":{"line":107,"column":1}}},"4":{"name":"(anonymous_4)","decl":{"start":{"line":99,"column":11},"end":{"line":99,"column":12}},"loc":{"start":{"line":99,"column":76},"end":{"line":106,"column":5}}},"5":{"name":"createActions","decl":{"start":{"line":110,"column":9},"end":{"line":110,"column":22}},"loc":{"start":{"line":110,"column":128},"end":{"line":119,"column":1}}},"6":{"name":"(anonymous_6)","decl":{"start":{"line":112,"column":35},"end":{"line":112,"column":36}},"loc":{"start":{"line":112,"column":62},"end":{"line":118,"column":5}}},"7":{"name":"(anonymous_7)","decl":{"start":{"line":114,"column":16},"end":{"line":114,"column":17}},"loc":{"start":{"line":114,"column":36},"end":{"line":117,"column":9}}},"8":{"name":"(anonymous_8)","decl":{"start":{"line":116,"column":42},"end":{"line":116,"column":43}},"loc":{"start":{"line":116,"column":48},"end":{"line":116,"column":62}}}},"branchMap":{"0":{"loc":{"start":{"line":56,"column":23},"end":{"line":56,"column":35}},"type":"default-arg","locations":[{"start":{"line":56,"column":33},"end":{"line":56,"column":35}}]},"1":{"loc":{"start":{"line":67,"column":23},"end":{"line":67,"column":35}},"type":"default-arg","locations":[{"start":{"line":67,"column":33},"end":{"line":67,"column":35}}]},"2":{"loc":{"start":{"line":74,"column":64},"end":{"line":77,"column":27}},"type":"default-arg","locations":[{"start":{"line":77,"column":25},"end":{"line":77,"column":27}}]},"3":{"loc":{"start":{"line":90,"column":20},"end":{"line":92,"column":38}},"type":"cond-expr","locations":[{"start":{"line":91,"column":14},"end":{"line":91,"column":54}},{"start":{"line":92,"column":14},"end":{"line":92,"column":38}}]},"4":{"loc":{"start":{"line":99,"column":12},"end":{"line":99,"column":32}},"type":"default-arg","locations":[{"start":{"line":99,"column":20},"end":{"line":99,"column":32}}]},"5":{"loc":{"start":{"line":101,"column":8},"end":{"line":101,"column":43}},"type":"if","locations":[{"start":{"line":101,"column":8},"end":{"line":101,"column":43}},{"start":{"line":101,"column":8},"end":{"line":101,"column":43}}]},"6":{"loc":{"start":{"line":116,"column":22},"end":{"line":116,"column":63}},"type":"binary-expr","locations":[{"start":{"line":116,"column":22},"end":{"line":116,"column":37}},{"start":{"line":116,"column":42},"end":{"line":116,"column":62}}]}},"s":{"0":2,"1":0,"2":0,"3":0,"4":1,"5":0,"6":1,"7":1,"8":0,"9":1,"10":1,"11":15,"12":15,"13":0,"14":1,"15":3,"16":1,"17":0},"f":{"0":1,"1":1,"2":0,"3":1,"4":15,"5":1,"6":3,"7":1,"8":0},"b":{"0":[0],"1":[0],"2":[0],"3":[0,0],"4":[11],"5":[15,0],"6":[1,0]},"_coverageSchema":"332fd63041d2c1bcb487cc26dd0d5f7d97098a6c","hash":"1c7b02e1913e1cac1b934c4432cd78273eee1475"}
,"F:\GitRepos\redux-arg\src\redux-arg\reducers\primitiveReducer.js": {"path":"F:\\GitRepos\\redux-arg\\src\\redux-arg\\reducers\\primitiveReducer.js","statementMap":{"0":{"start":{"line":50,"column":69},"end":{"line":63,"column":1}},"1":{"start":{"line":52,"column":24},"end":{"line":52,"column":36}},"2":{"start":{"line":54,"column":12},"end":{"line":54,"column":52}},"3":{"start":{"line":54,"column":39},"end":{"line":54,"column":52}},"4":{"start":{"line":55,"column":12},"end":{"line":55,"column":27}},"5":{"start":{"line":60,"column":12},"end":{"line":60,"column":32}},"6":{"start":{"line":70,"column":4},"end":{"line":75,"column":6}},"7":{"start":{"line":80,"column":32},"end":{"line":80,"column":94}},"8":{"start":{"line":81,"column":4},"end":{"line":88,"column":5}},"9":{"start":{"line":83,"column":8},"end":{"line":83,"column":43}},"10":{"start":{"line":83,"column":30},"end":{"line":83,"column":43}},"11":{"start":{"line":87,"column":8},"end":{"line":87,"column":95}},"12":{"start":{"line":94,"column":4},"end":{"line":100,"column":12}},"13":{"start":{"line":94,"column":62},"end":{"line":100,"column":5}},"14":{"start":{"line":96,"column":35},"end":{"line":99,"column":9}},"15":{"start":{"line":98,"column":48},"end":{"line":98,"column":62}}},"fnMap":{"0":{"name":"createPrimitiveReducer","decl":{"start":{"line":66,"column":16},"end":{"line":66,"column":38}},"loc":{"start":{"line":69,"column":33},"end":{"line":76,"column":1}}},"1":{"name":"createReducer","decl":{"start":{"line":79,"column":9},"end":{"line":79,"column":22}},"loc":{"start":{"line":79,"column":109},"end":{"line":89,"column":1}}},"2":{"name":"(anonymous_2)","decl":{"start":{"line":81,"column":11},"end":{"line":81,"column":12}},"loc":{"start":{"line":81,"column":80},"end":{"line":88,"column":5}}},"3":{"name":"createActions","decl":{"start":{"line":92,"column":9},"end":{"line":92,"column":22}},"loc":{"start":{"line":92,"column":136},"end":{"line":101,"column":1}}},"4":{"name":"(anonymous_4)","decl":{"start":{"line":94,"column":35},"end":{"line":94,"column":36}},"loc":{"start":{"line":94,"column":62},"end":{"line":100,"column":5}}},"5":{"name":"(anonymous_5)","decl":{"start":{"line":96,"column":16},"end":{"line":96,"column":17}},"loc":{"start":{"line":96,"column":35},"end":{"line":99,"column":9}}},"6":{"name":"(anonymous_6)","decl":{"start":{"line":98,"column":42},"end":{"line":98,"column":43}},"loc":{"start":{"line":98,"column":48},"end":{"line":98,"column":62}}}},"branchMap":{"0":{"loc":{"start":{"line":54,"column":12},"end":{"line":54,"column":52}},"type":"if","locations":[{"start":{"line":54,"column":12},"end":{"line":54,"column":52}},{"start":{"line":54,"column":12},"end":{"line":54,"column":52}}]},"1":{"loc":{"start":{"line":66,"column":69},"end":{"line":69,"column":31}},"type":"default-arg","locations":[{"start":{"line":69,"column":29},"end":{"line":69,"column":31}}]},"2":{"loc":{"start":{"line":81,"column":12},"end":{"line":81,"column":32}},"type":"default-arg","locations":[{"start":{"line":81,"column":20},"end":{"line":81,"column":32}}]},"3":{"loc":{"start":{"line":83,"column":8},"end":{"line":83,"column":43}},"type":"if","locations":[{"start":{"line":83,"column":8},"end":{"line":83,"column":43}},{"start":{"line":83,"column":8},"end":{"line":83,"column":43}}]},"4":{"loc":{"start":{"line":98,"column":22},"end":{"line":98,"column":63}},"type":"binary-expr","locations":[{"start":{"line":98,"column":22},"end":{"line":98,"column":37}},{"start":{"line":98,"column":42},"end":{"line":98,"column":62}}]}},"s":{"0":2,"1":3,"2":2,"3":0,"4":2,"5":2,"6":6,"7":6,"8":6,"9":67,"10":63,"11":4,"12":6,"13":12,"14":5,"15":2},"f":{"0":6,"1":6,"2":67,"3":6,"4":12,"5":5,"6":2},"b":{"0":[0,2],"1":[0],"2":[51],"3":[63,4],"4":[5,2]},"_coverageSchema":"332fd63041d2c1bcb487cc26dd0d5f7d97098a6c","hash":"df48bac692aa287e7e8682954d068a235a2e741a"}
,"F:\GitRepos\redux-arg\src\redux-arg\utils\arrayUtils.js": {"path":"F:\\GitRepos\\redux-arg\\src\\redux-arg\\utils\\arrayUtils.js","statementMap":{"0":{"start":{"line":3,"column":4},"end":{"line":3,"column":100}},"1":{"start":{"line":3,"column":35},"end":{"line":3,"column":100}},"2":{"start":{"line":4,"column":4},"end":{"line":4,"column":124}},"3":{"start":{"line":4,"column":47},"end":{"line":4,"column":124}},"4":{"start":{"line":5,"column":4},"end":{"line":9,"column":6}},"5":{"start":{"line":13,"column":4},"end":{"line":13,"column":100}},"6":{"start":{"line":13,"column":35},"end":{"line":13,"column":100}},"7":{"start":{"line":14,"column":4},"end":{"line":14,"column":124}},"8":{"start":{"line":14,"column":47},"end":{"line":14,"column":124}},"9":{"start":{"line":15,"column":4},"end":{"line":18,"column":6}}},"fnMap":{"0":{"name":"updateAtIndex","decl":{"start":{"line":2,"column":16},"end":{"line":2,"column":29}},"loc":{"start":{"line":2,"column":88},"end":{"line":10,"column":1}}},"1":{"name":"removeAtIndex","decl":{"start":{"line":12,"column":16},"end":{"line":12,"column":29}},"loc":{"start":{"line":12,"column":76},"end":{"line":19,"column":1}}}},"branchMap":{"0":{"loc":{"start":{"line":3,"column":4},"end":{"line":3,"column":100}},"type":"if","locations":[{"start":{"line":3,"column":4},"end":{"line":3,"column":100}},{"start":{"line":3,"column":4},"end":{"line":3,"column":100}}]},"1":{"loc":{"start":{"line":4,"column":4},"end":{"line":4,"column":124}},"type":"if","locations":[{"start":{"line":4,"column":4},"end":{"line":4,"column":124}},{"start":{"line":4,"column":4},"end":{"line":4,"column":124}}]},"2":{"loc":{"start":{"line":4,"column":8},"end":{"line":4,"column":45}},"type":"binary-expr","locations":[{"start":{"line":4,"column":8},"end":{"line":4,"column":17}},{"start":{"line":4,"column":21},"end":{"line":4,"column":45}}]},"3":{"loc":{"start":{"line":13,"column":4},"end":{"line":13,"column":100}},"type":"if","locations":[{"start":{"line":13,"column":4},"end":{"line":13,"column":100}},{"start":{"line":13,"column":4},"end":{"line":13,"column":100}}]},"4":{"loc":{"start":{"line":14,"column":4},"end":{"line":14,"column":124}},"type":"if","locations":[{"start":{"line":14,"column":4},"end":{"line":14,"column":124}},{"start":{"line":14,"column":4},"end":{"line":14,"column":124}}]},"5":{"loc":{"start":{"line":14,"column":8},"end":{"line":14,"column":45}},"type":"binary-expr","locations":[{"start":{"line":14,"column":8},"end":{"line":14,"column":17}},{"start":{"line":14,"column":21},"end":{"line":14,"column":45}}]}},"s":{"0":6,"1":2,"2":4,"3":1,"4":3,"5":6,"6":2,"7":4,"8":1,"9":3},"f":{"0":6,"1":6},"b":{"0":[2,4],"1":[1,3],"2":[4,4],"3":[2,4],"4":[1,3],"5":[4,4]},"_coverageSchema":"332fd63041d2c1bcb487cc26dd0d5f7d97098a6c","hash":"8cc8bd05559913dd85112fae5b66db64a98fda2a"}
}
