TN:
SF:F:\GitRepos\redux-arg\src\redux-arg\buildStoreChunk.js
FN:22,buildStoreChunk
FN:23,(anonymous_1)
FN:49,combineStoreChunkReducers
FN:58,processStructure
FN:64,(anonymous_4)
FN:73,(anonymous_5)
FN:97,(anonymous_6)
FNF:7
FNH:7
FNDA:7,buildStoreChunk
FNDA:6,(anonymous_1)
FNDA:6,combineStoreChunkReducers
FNDA:10,processStructure
FNDA:2,(anonymous_4)
FNDA:1,(anonymous_5)
FNDA:6,(anonymous_6)
DA:23,6
DA:29,7
DA:30,6
DA:45,6
DA:46,4
DA:53,6
DA:63,10
DA:64,10
DA:70,10
DA:73,1
DA:85,10
DA:97,6
LF:12
LH:12
BRDA:22,0,0,5
BRDA:23,1,0,5
BRDA:24,2,0,5
BRDA:29,3,0,1
BRDA:29,3,1,6
BRDA:45,4,0,2
BRDA:45,4,1,4
BRDA:70,5,0,2
BRDA:70,5,1,8
BRDA:72,6,0,1
BRDA:72,6,1,1
BRDA:97,7,0,2
BRDA:97,7,1,8
BRF:13
BRH:13
end_of_record
TN:
SF:F:\GitRepos\redux-arg\src\redux-arg\reducers.js
FN:53,determineReducerType
FN:76,callReducer
FN:88,createReducerBehaviors
FN:94,(anonymous_3)
FN:100,calculateDefaults
FN:111,(anonymous_5)
FNF:6
FNH:6
FNDA:14,determineReducerType
FNDA:9,callReducer
FNDA:9,createReducerBehaviors
FNDA:22,(anonymous_3)
FNDA:12,calculateDefaults
FNDA:6,(anonymous_5)
DA:45,2
DA:63,14
DA:64,14
DA:66,14
DA:68,13
DA:82,9
DA:94,22
DA:106,12
DA:107,12
DA:109,12
DA:111,6
DA:117,2
LF:12
LH:12
BRDA:56,0,0,13
BRDA:66,1,0,1
BRDA:66,1,1,13
BRDA:106,2,0,9
BRDA:106,3,0,3
BRDA:109,4,0,9
BRDA:109,4,1,3
BRF:7
BRH:7
end_of_record
TN:
SF:F:\GitRepos\redux-arg\src\redux-arg\structure.js
FN:61,(anonymous_0)
FN:61,(anonymous_1)
FN:66,(anonymous_2)
FN:66,(anonymous_3)
FN:71,(anonymous_4)
FN:71,(anonymous_5)
FN:76,(anonymous_6)
FN:76,(anonymous_7)
FN:81,(anonymous_8)
FN:81,(anonymous_9)
FN:85,(anonymous_10)
FN:85,(anonymous_11)
FNF:12
FNH:12
FNDA:24,(anonymous_0)
FNDA:59,(anonymous_1)
FNDA:16,(anonymous_2)
FNDA:28,(anonymous_3)
FNDA:7,(anonymous_4)
FNDA:7,(anonymous_5)
FNDA:11,(anonymous_6)
FNDA:15,(anonymous_7)
FNDA:18,(anonymous_8)
FNDA:28,(anonymous_9)
FNDA:14,(anonymous_10)
FNDA:29,(anonymous_11)
DA:49,4
DA:60,4
DA:61,59
DA:66,28
DA:71,7
DA:76,15
DA:81,28
DA:85,29
LF:8
LH:8
BRDA:61,0,0,17
BRDA:66,1,0,14
BRDA:71,2,0,6
BRDA:76,3,0,10
BRF:4
BRH:4
end_of_record
TN:
SF:F:\GitRepos\redux-arg\src\redux-arg\validatePayload.js
FN:15,validateShape
FN:21,(anonymous_1)
FN:46,validatePrimitive
FN:52,validateArray
FN:61,(anonymous_4)
FN:61,(anonymous_5)
FN:64,getTypeValidation
FNF:7
FNH:7
FNDA:11,validateShape
FNDA:15,(anonymous_1)
FNDA:35,validatePrimitive
FNDA:7,validateArray
FNDA:14,(anonymous_4)
FNDA:14,(anonymous_5)
FNDA:29,getTypeValidation
DA:16,11
DA:17,1
DA:18,1
DA:21,10
DA:22,15
DA:25,15
DA:26,1
DA:28,1
DA:31,14
DA:32,14
DA:33,1
DA:36,1
DA:39,13
DA:48,35
DA:49,4
DA:55,7
DA:56,1
DA:57,1
DA:59,6
DA:60,6
DA:61,14
DA:65,29
DA:72,29
DA:73,29
DA:74,1
DA:77,28
LF:26
LH:26
BRDA:16,0,0,1
BRDA:16,0,1,10
BRDA:25,1,0,1
BRDA:25,1,1,14
BRDA:32,2,0,1
BRDA:32,2,1,13
BRDA:48,3,0,31
BRDA:48,3,1,4
BRDA:55,4,0,1
BRDA:55,4,1,6
BRDA:73,5,0,1
BRDA:73,5,1,28
BRF:12
BRH:12
end_of_record
TN:
SF:F:\GitRepos\redux-arg\src\redux-arg\reducers\arrayReducer.js
FN:47,checkIndex
FN:112,createArrayReducer
FN:125,createReducer
FN:131,(anonymous_3)
FN:142,applyValidation
FN:160,createActions
FN:162,(anonymous_6)
FN:164,(anonymous_7)
FN:166,(anonymous_8)
FNF:9
FNH:6
FNDA:0,checkIndex
FNDA:1,createArrayReducer
FNDA:1,createReducer
FNDA:15,(anonymous_3)
FNDA:0,applyValidation
FNDA:1,createActions
FNDA:6,(anonymous_6)
FNDA:1,(anonymous_7)
FNDA:0,(anonymous_8)
DA:48,0
DA:49,0
DA:50,0
DA:52,0
DA:65,2
DA:69,0
DA:70,0
DA:71,0
DA:72,0
DA:77,0
DA:78,0
DA:83,0
DA:84,0
DA:89,0
DA:90,0
DA:91,0
DA:97,1
DA:98,1
DA:101,0
DA:106,0
DA:116,1
DA:128,1
DA:131,1
DA:133,15
DA:137,0
DA:150,0
DA:154,0
DA:155,0
DA:156,0
DA:162,6
DA:164,1
DA:166,0
LF:32
LH:9
BRDA:48,0,0,0
BRDA:48,0,1,0
BRDA:48,1,0,0
BRDA:48,1,1,0
BRDA:68,2,0,0
BRDA:69,3,0,0
BRDA:69,3,1,0
BRDA:70,4,0,0
BRDA:70,4,1,0
BRDA:70,5,0,0
BRDA:70,5,1,0
BRDA:71,6,0,0
BRDA:71,6,1,0
BRDA:71,7,0,0
BRDA:71,7,1,0
BRDA:90,8,0,0
BRDA:90,8,1,0
BRDA:97,9,0,0
BRDA:97,9,1,1
BRDA:112,10,0,0
BRDA:131,11,0,11
BRDA:133,12,0,15
BRDA:133,12,1,0
BRDA:150,13,0,0
BRDA:150,13,1,0
BRDA:155,14,0,0
BRDA:155,14,1,0
BRDA:166,15,0,1
BRDA:166,15,1,0
BRF:29
BRH:4
end_of_record
TN:
SF:F:\GitRepos\redux-arg\src\redux-arg\reducers\objectReducer.js
FN:74,createShapeReducer
FN:87,calculateDefaults
FN:88,(anonymous_2)
FN:97,createReducer
FN:99,(anonymous_4)
FN:110,createActions
FN:112,(anonymous_6)
FN:114,(anonymous_7)
FN:116,(anonymous_8)
FNF:9
FNH:7
FNDA:1,createShapeReducer
FNDA:1,calculateDefaults
FNDA:0,(anonymous_2)
FNDA:1,createReducer
FNDA:15,(anonymous_4)
FNDA:1,createActions
FNDA:3,(anonymous_6)
FNDA:1,(anonymous_7)
FNDA:0,(anonymous_8)
DA:53,2
DA:55,0
DA:57,0
DA:62,0
DA:66,1
DA:68,0
DA:78,1
DA:88,1
DA:98,1
DA:99,1
DA:101,15
DA:105,0
DA:112,3
DA:114,1
DA:116,0
LF:15
LH:9
BRDA:56,0,0,0
BRDA:67,1,0,0
BRDA:74,2,0,0
BRDA:90,3,0,0
BRDA:90,3,1,0
BRDA:99,4,0,11
BRDA:101,5,0,15
BRDA:101,5,1,0
BRDA:116,6,0,1
BRDA:116,6,1,0
BRF:10
BRH:3
end_of_record
TN:
SF:F:\GitRepos\redux-arg\src\redux-arg\reducers\primitiveReducer.js
FN:66,createPrimitiveReducer
FN:79,createReducer
FN:81,(anonymous_2)
FN:92,createActions
FN:94,(anonymous_4)
FN:96,(anonymous_5)
FN:98,(anonymous_6)
FNF:7
FNH:7
FNDA:6,createPrimitiveReducer
FNDA:6,createReducer
FNDA:67,(anonymous_2)
FNDA:6,createActions
FNDA:12,(anonymous_4)
FNDA:5,(anonymous_5)
FNDA:2,(anonymous_6)
DA:50,2
DA:52,3
DA:54,2
DA:55,2
DA:60,2
DA:70,6
DA:80,6
DA:81,6
DA:83,67
DA:87,4
DA:94,12
DA:96,5
DA:98,2
LF:13
LH:13
BRDA:54,0,0,0
BRDA:54,0,1,2
BRDA:66,1,0,0
BRDA:81,2,0,51
BRDA:83,3,0,63
BRDA:83,3,1,4
BRDA:98,4,0,5
BRDA:98,4,1,2
BRF:8
BRH:6
end_of_record
TN:
SF:F:\GitRepos\redux-arg\src\redux-arg\utils\arrayUtils.js
FN:2,updateAtIndex
FN:12,removeAtIndex
FNF:2
FNH:2
FNDA:6,updateAtIndex
FNDA:6,removeAtIndex
DA:3,6
DA:4,4
DA:5,3
DA:13,6
DA:14,4
DA:15,3
LF:6
LH:6
BRDA:3,0,0,2
BRDA:3,0,1,4
BRDA:4,1,0,1
BRDA:4,1,1,3
BRDA:4,2,0,4
BRDA:4,2,1,4
BRDA:13,3,0,2
BRDA:13,3,1,4
BRDA:14,4,0,1
BRDA:14,4,1,3
BRDA:14,5,0,4
BRDA:14,5,1,4
BRF:12
BRH:12
end_of_record
